\BOOKMARK [1][-]{section.1}{Ringraziamenti}{}% 1
\BOOKMARK [1][-]{section.2}{L'azienda}{}% 2
\BOOKMARK [2][-]{subsection.2.1}{Presentazione}{section.2}% 3
\BOOKMARK [2][-]{subsection.2.2}{Organizzazione aziendale}{section.2}% 4
\BOOKMARK [2][-]{subsection.2.3}{Prodotti e soluzioni offerte}{section.2}% 5
\BOOKMARK [3][-]{subsubsection.2.3.1}{Lo scenario contemporaneo}{subsection.2.3}% 6
\BOOKMARK [3][-]{subsubsection.2.3.2}{Il trend}{subsection.2.3}% 7
\BOOKMARK [3][-]{subsubsection.2.3.3}{Il core business}{subsection.2.3}% 8
\BOOKMARK [3][-]{subsubsection.2.3.4}{Il prodotto}{subsection.2.3}% 9
\BOOKMARK [3][-]{subsubsection.2.3.5}{Tipologie di prodotto}{subsection.2.3}% 10
\BOOKMARK [2][-]{subsection.2.4}{Processi aziendali}{section.2}% 11
\BOOKMARK [3][-]{subsubsection.2.4.1}{Modello di ciclo di vita software}{subsection.2.4}% 12
\BOOKMARK [3][-]{subsubsection.2.4.2}{Strumenti a supporto dei processi}{subsection.2.4}% 13
\BOOKMARK [2][-]{subsection.2.5}{Tecnologie utilizzate}{section.2}% 14
\BOOKMARK [3][-]{subsubsection.2.5.1}{Unity 3D}{subsection.2.5}% 15
\BOOKMARK [3][-]{subsubsection.2.5.2}{Vuforia SDK}{subsection.2.5}% 16
\BOOKMARK [2][-]{subsection.2.6}{Propensione all'innovazione}{section.2}% 17
\BOOKMARK [1][-]{section.3}{Strategia Aziendale}{}% 18
\BOOKMARK [2][-]{subsection.3.1}{Motivazione dello stage}{section.3}% 19
\BOOKMARK [2][-]{subsection.3.2}{Obiettivo dello stage}{section.3}% 20
\BOOKMARK [2][-]{subsection.3.3}{Vincoli imposti}{section.3}% 21
\BOOKMARK [3][-]{subsubsection.3.3.1}{Vincoli tecnologici}{subsection.3.3}% 22
\BOOKMARK [3][-]{subsubsection.3.3.2}{Vincoli metodologici}{subsection.3.3}% 23
\BOOKMARK [3][-]{subsubsection.3.3.3}{Vincoli temporali}{subsection.3.3}% 24
\BOOKMARK [2][-]{subsection.3.4}{Prospettive}{section.3}% 25
\BOOKMARK [1][-]{section.4}{Resoconto dello stage}{}% 26
\BOOKMARK [2][-]{subsection.4.1}{Pianificazione di progetto}{section.4}% 27
\BOOKMARK [3][-]{subsubsection.4.1.1}{Descrizione generale}{subsection.4.1}% 28
\BOOKMARK [3][-]{subsubsection.4.1.2}{Dettaglio delle attivita'}{subsection.4.1}% 29
\BOOKMARK [2][-]{subsection.4.2}{Studio delle tecnologie e strumenti}{section.4}% 30
\BOOKMARK [3][-]{subsubsection.4.2.1}{Unity 3D}{subsection.4.2}% 31
\BOOKMARK [3][-]{subsubsection.4.2.2}{Vuforia SDK}{subsection.4.2}% 32
\BOOKMARK [3][-]{subsubsection.4.2.3}{Photon Unity Networking}{subsection.4.2}% 33
\BOOKMARK [3][-]{subsubsection.4.2.4}{Esempio di contenuto in realta' aumentata a tema libero}{subsection.4.2}% 34
\BOOKMARK [2][-]{subsection.4.3}{Svolgimento delle attivita'}{section.4}% 35
\BOOKMARK [3][-]{subsubsection.4.3.1}{Il cliente}{subsection.4.3}% 36
\BOOKMARK [3][-]{subsubsection.4.3.2}{Analisi dei requisiti}{subsection.4.3}% 37
\BOOKMARK [3][-]{subsubsection.4.3.3}{Progettazione}{subsection.4.3}% 38
\BOOKMARK [3][-]{subsubsection.4.3.4}{Implementazione}{subsection.4.3}% 39
\BOOKMARK [3][-]{subsubsection.4.3.5}{Verifica e validazione}{subsection.4.3}% 40
\BOOKMARK [2][-]{subsection.4.4}{Livello di completezza raggiunto}{section.4}% 41
\BOOKMARK [1][-]{appendix.Alph1}{Realta' Aumentata}{}% 42
\BOOKMARK [1][-]{section*.12}{Glossario}{}% 43
\BOOKMARK [2][-]{section*.13}{A}{section*.12}% 44
\BOOKMARK [2][-]{section*.16}{B}{section*.12}% 45
\BOOKMARK [2][-]{section*.19}{C}{section*.12}% 46
\BOOKMARK [2][-]{section*.22}{G}{section*.12}% 47
\BOOKMARK [2][-]{section*.25}{P}{section*.12}% 48
\BOOKMARK [2][-]{section*.28}{R}{section*.12}% 49
\BOOKMARK [2][-]{section*.31}{S}{section*.12}% 50
